<?xml version="1.0" encoding="UTF-8"?>
<testng-results ignored="0" total="1" passed="1" failed="0" skipped="0">
  <reporter-output>
  </reporter-output>
  <suite started-at="2023-08-06T16:22:11 IST" name="Default suite" finished-at="2023-08-06T16:22:28 IST" duration-ms="17113">
    <groups>
      <group name="cucumber">
        <method signature="AbstractTestNGCucumberTests.runScenario(io.cucumber.testng.PickleWrapper,io.cucumber.testng.FeatureWrapper)[pri:0, instance:runner.Createleadrunner@54c5a2ff]" name="runScenario" class="io.cucumber.testng.AbstractTestNGCucumberTests"/>
      </group> <!-- cucumber -->
    </groups>
    <test started-at="2023-08-06T16:22:11 IST" name="Default test" finished-at="2023-08-06T16:22:28 IST" duration-ms="17113">
      <class name="runner.Createleadrunner">
        <test-method is-config="true" signature="setUpClass(org.testng.ITestContext)[pri:0, instance:runner.Createleadrunner@54c5a2ff]" started-at="2023-08-06T16:22:11 IST" name="setUpClass" finished-at="2023-08-06T16:22:12 IST" duration-ms="636" status="PASS">
          <params>
            <param index="0">
              <value>
                <![CDATA[org.testng.TestRunner@310b2b6f]]>
              </value>
            </param>
          </params>
          <reporter-output>
          </reporter-output>
        </test-method> <!-- setUpClass -->
        <test-method signature="runScenario(io.cucumber.testng.PickleWrapper,io.cucumber.testng.FeatureWrapper)[pri:0, instance:runner.Createleadrunner@54c5a2ff]" started-at="2023-08-06T16:22:12 IST" name="runScenario" description="Runs Cucumber Scenarios" data-provider="scenarios" finished-at="2023-08-06T16:22:26 IST" duration-ms="14598" status="PASS">
          <params>
            <param index="0">
              <value>
                <![CDATA["Createlead creation scenario"]]>
              </value>
            </param>
            <param index="1">
              <value>
                <![CDATA["Createlead"]]>
              </value>
            </param>
          </params>
          <reporter-output>
          </reporter-output>
        </test-method> <!-- runScenario -->
        <test-method is-config="true" signature="tearDownClass()[pri:0, instance:runner.Createleadrunner@54c5a2ff]" started-at="2023-08-06T16:22:26 IST" name="tearDownClass" finished-at="2023-08-06T16:22:28 IST" duration-ms="1838" status="PASS">
          <reporter-output>
          </reporter-output>
        </test-method> <!-- tearDownClass -->
      </class> <!-- runner.Createleadrunner -->
    </test> <!-- Default test -->
  </suite> <!-- Default suite -->
</testng-results>
